2025-06-01 17:10:43 0 [Note] Starting MariaDB 10.4.32-MariaDB source revision c4143f909528e3fab0677a28631d10389354c491 as process 17284
2025-06-01 17:10:43 0 [Note] InnoDB: Mutexes and rw_locks use Windows interlocked functions
2025-06-01 17:10:43 0 [Note] InnoDB: Uses event mutexes
2025-06-01 17:10:43 0 [Note] InnoDB: Compressed tables use zlib 1.3
2025-06-01 17:10:43 0 [Note] InnoDB: Number of pools: 1
2025-06-01 17:10:43 0 [Note] InnoDB: Using SSE2 crc32 instructions
2025-06-01 17:10:43 0 [Note] InnoDB: Initializing buffer pool, total size = 16M, instances = 1, chunk size = 16M
2025-06-01 17:10:43 0 [Note] InnoDB: Completed initialization of buffer pool
2025-06-01 17:10:43 0 [Note] InnoDB: Starting crash recovery from checkpoint LSN=300288
2025-06-01 17:10:43 0 [Note] InnoDB: 128 out of 128 rollback segments are active.
2025-06-01 17:10:44 0 [Note] InnoDB: Removed temporary tablespace data file: "ibtmp1"
2025-06-01 17:10:44 0 [Note] InnoDB: Creating shared tablespace for temporary tables
2025-06-01 17:10:44 0 [Note] InnoDB: Setting file 'C:\xampp\mysql\data\ibtmp1' size to 12 MB. Physically writing the file full; Please wait ...
2025-06-01 17:10:44 0 [Note] InnoDB: File 'C:\xampp\mysql\data\ibtmp1' size is now 12 MB.
2025-06-01 17:10:44 0 [Note] InnoDB: Waiting for purge to start
2025-06-01 17:10:44 0 [Note] InnoDB: 10.4.32 started; log sequence number 300297; transaction id 170
2025-06-01 17:10:44 0 [Note] InnoDB: Loading buffer pool(s) from C:\xampp\mysql\data\ib_buffer_pool
2025-06-01 17:10:44 0 [Note] Plugin 'FEEDBACK' is disabled.
2025-06-01 17:10:44 0 [Note] Server socket created on IP: '::'.
2025-08-11 17:10:20 0 [Note] Starting MariaDB 10.4.32-MariaDB source revision c4143f909528e3fab0677a28631d10389354c491 as process 10228
2025-08-11 17:10:20 0 [Note] mysqld.exe: Aria engine: starting recovery
tables to flush: 1 0
 (0.0 seconds); 
2025-08-11 17:10:20 0 [Note] mysqld.exe: Aria engine: recovery done
2025-08-11 17:10:20 0 [Note] InnoDB: Mutexes and rw_locks use Windows interlocked functions
2025-08-11 17:10:20 0 [Note] InnoDB: Uses event mutexes
2025-08-11 17:10:20 0 [Note] InnoDB: Compressed tables use zlib 1.3
2025-08-11 17:10:20 0 [Note] InnoDB: Number of pools: 1
2025-08-11 17:10:20 0 [Note] InnoDB: Using SSE2 crc32 instructions
2025-08-11 17:10:20 0 [Note] InnoDB: Initializing buffer pool, total size = 16M, instances = 1, chunk size = 16M
2025-08-11 17:10:20 0 [Note] InnoDB: Completed initialization of buffer pool
2025-08-11 17:10:20 0 [Note] InnoDB: Starting crash recovery from checkpoint LSN=395923
2025-08-11 17:10:21 0 [Note] InnoDB: 128 out of 128 rollback segments are active.
2025-08-11 17:10:21 0 [Note] InnoDB: Removed temporary tablespace data file: "ibtmp1"
2025-08-11 17:10:21 0 [Note] InnoDB: Creating shared tablespace for temporary tables
2025-08-11 17:10:21 0 [Note] InnoDB: Setting file 'C:\xampp\mysql\data\ibtmp1' size to 12 MB. Physically writing the file full; Please wait ...
2025-08-11 17:10:21 0 [Note] InnoDB: File 'C:\xampp\mysql\data\ibtmp1' size is now 12 MB.
2025-08-11 17:10:21 0 [Note] InnoDB: Waiting for purge to start
2025-08-11 17:10:21 0 [Note] InnoDB: 10.4.32 started; log sequence number 395932; transaction id 435
2025-08-11 17:10:21 0 [Note] InnoDB: Loading buffer pool(s) from C:\xampp\mysql\data\ib_buffer_pool
2025-08-11 17:10:21 0 [Note] Plugin 'FEEDBACK' is disabled.
2025-08-11 17:10:21 0 [Note] InnoDB: Buffer pool(s) load completed at 250811 17:10:21
2025-08-11 17:10:21 0 [Note] Server socket created on IP: '::'.
2025-08-11 19:44:20 0 [Note] Starting MariaDB 10.4.32-MariaDB source revision c4143f909528e3fab0677a28631d10389354c491 as process 2024
2025-08-11 19:44:20 0 [Note] mysqld.exe: Aria engine: starting recovery
tables to flush: 1 0
 (0.0 seconds); 
2025-08-11 19:44:20 0 [Note] mysqld.exe: Aria engine: recovery done
2025-08-11 19:44:20 0 [Note] InnoDB: Mutexes and rw_locks use Windows interlocked functions
2025-08-11 19:44:20 0 [Note] InnoDB: Uses event mutexes
2025-08-11 19:44:20 0 [Note] InnoDB: Compressed tables use zlib 1.3
2025-08-11 19:44:20 0 [Note] InnoDB: Number of pools: 1
2025-08-11 19:44:20 0 [Note] InnoDB: Using SSE2 crc32 instructions
2025-08-11 19:44:20 0 [Note] InnoDB: Initializing buffer pool, total size = 16M, instances = 1, chunk size = 16M
2025-08-11 19:44:20 0 [Note] InnoDB: Completed initialization of buffer pool
2025-08-11 19:44:21 0 [Note] InnoDB: Starting crash recovery from checkpoint LSN=1102789
2025-08-11 19:44:21 0 [Note] InnoDB: 128 out of 128 rollback segments are active.
2025-08-11 19:44:21 0 [Note] InnoDB: Removed temporary tablespace data file: "ibtmp1"
2025-08-11 19:44:21 0 [Note] InnoDB: Creating shared tablespace for temporary tables
2025-08-11 19:44:21 0 [Note] InnoDB: Setting file 'C:\xampp\mysql\data\ibtmp1' size to 12 MB. Physically writing the file full; Please wait ...
2025-08-11 19:44:21 0 [Note] InnoDB: File 'C:\xampp\mysql\data\ibtmp1' size is now 12 MB.
2025-08-11 19:44:21 0 [Note] InnoDB: Waiting for purge to start
2025-08-11 19:44:21 0 [Note] InnoDB: 10.4.32 started; log sequence number 1102798; transaction id 1192
2025-08-11 19:44:21 0 [Note] InnoDB: Loading buffer pool(s) from C:\xampp\mysql\data\ib_buffer_pool
2025-08-11 19:44:21 0 [Note] Plugin 'FEEDBACK' is disabled.
2025-08-11 19:44:21 0 [Note] InnoDB: Buffer pool(s) load completed at 250811 19:44:21
2025-08-11 19:44:21 0 [Note] Server socket created on IP: '::'.
